0 info it worked if it ends with ok
1 verbose cli [ '/usr/local/Cellar/node@6/6.9.2/bin/node',
1 verbose cli   '/usr/local/bin/npm',
1 verbose cli   'run',
1 verbose cli   'serve' ]
2 info using npm@4.1.2
3 info using node@v6.9.2
4 verbose run-script [ 'preserve', 'serve', 'postserve' ]
5 info lifecycle first-class-api@~preserve: first-class-api@
6 silly lifecycle first-class-api@~preserve: no script for preserve, continuing
7 info lifecycle first-class-api@~serve: first-class-api@
8 verbose lifecycle first-class-api@~serve: unsafe-perm in lifecycle true
9 verbose lifecycle first-class-api@~serve: PATH: /usr/local/lib/node_modules/npm/bin/node-gyp-bin:/Users/srdone/Development/first-class-api/node_modules/.bin:/Users/srdone/.dnx/runtimes/dnx-mono.1.0.0-rc1-update2/bin:/Users/srdone/.dnx/bin:/Users/srdone/.dnx/bin:/usr/local/bin:/usr/bin:/bin:/usr/sbin:/sbin:/usr/local/share/dotnet:/usr/local/Cellar/node@6/6.9.2/bin
10 verbose lifecycle first-class-api@~serve: CWD: /Users/srdone/Development/first-class-api
11 silly lifecycle first-class-api@~serve: Args: [ '-c', 'node server.js' ]
12 silly lifecycle first-class-api@~serve: Returned: code: 1  signal: null
13 info lifecycle first-class-api@~serve: Failed to exec serve script
14 verbose stack Error: first-class-api@ serve: `node server.js`
14 verbose stack Exit status 1
14 verbose stack     at EventEmitter.<anonymous> (/usr/local/lib/node_modules/npm/lib/utils/lifecycle.js:279:16)
14 verbose stack     at emitTwo (events.js:106:13)
14 verbose stack     at EventEmitter.emit (events.js:191:7)
14 verbose stack     at ChildProcess.<anonymous> (/usr/local/lib/node_modules/npm/lib/utils/spawn.js:40:14)
14 verbose stack     at emitTwo (events.js:106:13)
14 verbose stack     at ChildProcess.emit (events.js:191:7)
14 verbose stack     at maybeClose (internal/child_process.js:877:16)
14 verbose stack     at Process.ChildProcess._handle.onexit (internal/child_process.js:226:5)
15 verbose pkgid first-class-api@
16 verbose cwd /Users/srdone/Development/first-class-api
17 error Darwin 16.4.0
18 error argv "/usr/local/Cellar/node@6/6.9.2/bin/node" "/usr/local/bin/npm" "run" "serve"
19 error node v6.9.2
20 error npm  v4.1.2
21 error code ELIFECYCLE
22 error first-class-api@ serve: `node server.js`
22 error Exit status 1
23 error Failed at the first-class-api@ serve script 'node server.js'.
23 error Make sure you have the latest version of node.js and npm installed.
23 error If you do, this is most likely a problem with the first-class-api package,
23 error not with npm itself.
23 error Tell the author that this fails on your system:
23 error     node server.js
23 error You can get information on how to open an issue for this project with:
23 error     npm bugs first-class-api
23 error Or if that isn't available, you can get their info via:
23 error     npm owner ls first-class-api
23 error There is likely additional logging output above.
24 verbose exit [ 1, true ]
